Traceback (most recent call last):
  File "C:\Users\Admin\anaconda3\Lib\site-packages\jupyter_cache\executors\utils.py", line 58, in single_nb_execution
    executenb(
  File "C:\Users\Admin\anaconda3\Lib\site-packages\nbclient\client.py", line 1305, in execute
    return NotebookClient(nb=nb, resources=resources, km=km, **kwargs).execute()
           ^^^^^^^^^^^^^^^^^^^^^^^^^^^^^^^^^^^^^^^^^^^^^^^^^^^^^^^^^^^^^^^^^^^^^
  File "C:\Users\Admin\anaconda3\Lib\site-packages\jupyter_core\utils\__init__.py", line 173, in wrapped
    return loop.run_until_complete(inner)
           ^^^^^^^^^^^^^^^^^^^^^^^^^^^^^^
  File "C:\Users\Admin\anaconda3\Lib\asyncio\base_events.py", line 653, in run_until_complete
    return future.result()
           ^^^^^^^^^^^^^^^
  File "C:\Users\Admin\anaconda3\Lib\site-packages\nbclient\client.py", line 705, in async_execute
    await self.async_execute_cell(
  File "C:\Users\Admin\anaconda3\Lib\site-packages\nbclient\client.py", line 1058, in async_execute_cell
    await self._check_raise_for_error(cell, cell_index, exec_reply)
  File "C:\Users\Admin\anaconda3\Lib\site-packages\nbclient\client.py", line 914, in _check_raise_for_error
    raise CellExecutionError.from_cell_and_msg(cell, exec_reply_content)
nbclient.exceptions.CellExecutionError: An error occurred while executing the following cell:
------------------
# Cài đặt thư viện nếu chưa có (bỏ chú thích dòng dưới nếu cần)
# !pip install semopy

import numpy as np
import pandas as pd
import matplotlib.pyplot as plt
import matplotlib.patches as mpatches
import seaborn as sns
import semopy
from semopy import Model, calc_stats

# Tải bộ dữ liệu khảo sát trải nghiệm khách hàng
data_path = r"d:\CODE\amsa_book\case_studies\02_customer_experience\survey_data.csv"
df_survey = pd.read_csv(data_path)

print("Kích thước bộ dữ liệu khảo sát:", df_survey.shape)
print("\nDanh sách các biến quan sát:")
print(df_survey.columns.tolist())
print("\nNăm quan sát đầu tiên:")
print(df_survey.head())
print("\nThống kê mô tả:")
print(df_survey.describe().round(2))
------------------


[1;31m---------------------------------------------------------------------------[0m
[1;31mModuleNotFoundError[0m                       Traceback (most recent call last)
Cell [1;32mIn[1], line 9[0m
[0;32m      7[0m [38;5;28;01mimport[39;00m [38;5;21;01mmatplotlib[39;00m[38;5;21;01m.[39;00m[38;5;21;01mpatches[39;00m [38;5;28;01mas[39;00m [38;5;21;01mmpatches[39;00m
[0;32m      8[0m [38;5;28;01mimport[39;00m [38;5;21;01mseaborn[39;00m [38;5;28;01mas[39;00m [38;5;21;01msns[39;00m
[1;32m----> 9[0m [38;5;28;01mimport[39;00m [38;5;21;01msemopy[39;00m
[0;32m     10[0m [38;5;28;01mfrom[39;00m [38;5;21;01msemopy[39;00m [38;5;28;01mimport[39;00m Model, calc_stats
[0;32m     12[0m [38;5;66;03m# Tải bộ dữ liệu khảo sát trải nghiệm khách hàng[39;00m

[1;31mModuleNotFoundError[0m: No module named 'semopy'

