Traceback (most recent call last):
  File "C:\Users\Admin\anaconda3\Lib\site-packages\jupyter_cache\executors\utils.py", line 58, in single_nb_execution
    executenb(
  File "C:\Users\Admin\anaconda3\Lib\site-packages\nbclient\client.py", line 1305, in execute
    return NotebookClient(nb=nb, resources=resources, km=km, **kwargs).execute()
           ^^^^^^^^^^^^^^^^^^^^^^^^^^^^^^^^^^^^^^^^^^^^^^^^^^^^^^^^^^^^^^^^^^^^^
  File "C:\Users\Admin\anaconda3\Lib\site-packages\jupyter_core\utils\__init__.py", line 173, in wrapped
    return loop.run_until_complete(inner)
           ^^^^^^^^^^^^^^^^^^^^^^^^^^^^^^
  File "C:\Users\Admin\anaconda3\Lib\asyncio\base_events.py", line 653, in run_until_complete
    return future.result()
           ^^^^^^^^^^^^^^^
  File "C:\Users\Admin\anaconda3\Lib\site-packages\nbclient\client.py", line 705, in async_execute
    await self.async_execute_cell(
  File "C:\Users\Admin\anaconda3\Lib\site-packages\nbclient\client.py", line 1058, in async_execute_cell
    await self._check_raise_for_error(cell, cell_index, exec_reply)
  File "C:\Users\Admin\anaconda3\Lib\site-packages\nbclient\client.py", line 914, in _check_raise_for_error
    raise CellExecutionError.from_cell_and_msg(cell, exec_reply_content)
nbclient.exceptions.CellExecutionError: An error occurred while executing the following cell:
------------------
import pandas as pd
import numpy as np
import matplotlib.pyplot as plt
import seaborn as sns
from sklearn.preprocessing import StandardScaler
from sklearn.decomposition import PCA
from factor_analyzer import FactorAnalyzer
from factor_analyzer.factor_analyzer import calculate_kmo, calculate_bartlett_sphericity

# Tải dữ liệu khảo sát trải nghiệm khách hàng
csv_path = r"e:\Code\amsa_book\case_studies\02_customer_experience\survey_data.csv"
df = pd.read_csv(csv_path)
print("Kích thước dữ liệu khảo sát:", df.shape)
print("Danh sách các câu hỏi khảo sát:", list(df.columns))
------------------


[1;31m---------------------------------------------------------------------------[0m
[1;31mModuleNotFoundError[0m                       Traceback (most recent call last)
Cell [1;32mIn[1], line 7[0m
[0;32m      5[0m [38;5;28;01mfrom[39;00m [38;5;21;01msklearn[39;00m[38;5;21;01m.[39;00m[38;5;21;01mpreprocessing[39;00m [38;5;28;01mimport[39;00m StandardScaler
[0;32m      6[0m [38;5;28;01mfrom[39;00m [38;5;21;01msklearn[39;00m[38;5;21;01m.[39;00m[38;5;21;01mdecomposition[39;00m [38;5;28;01mimport[39;00m PCA
[1;32m----> 7[0m [38;5;28;01mfrom[39;00m [38;5;21;01mfactor_analyzer[39;00m [38;5;28;01mimport[39;00m FactorAnalyzer
[0;32m      8[0m [38;5;28;01mfrom[39;00m [38;5;21;01mfactor_analyzer[39;00m[38;5;21;01m.[39;00m[38;5;21;01mfactor_analyzer[39;00m [38;5;28;01mimport[39;00m calculate_kmo, calculate_bartlett_sphericity
[0;32m     10[0m [38;5;66;03m# Tải dữ liệu khảo sát trải nghiệm khách hàng[39;00m

[1;31mModuleNotFoundError[0m: No module named 'factor_analyzer'

